<?xml version="1.0" encoding="UTF-8"?>
<!-- Generated by org.testng.reporters.JUnitXMLReporter -->
<testsuite ignored="0" hostname="Mohanad" failures="0" tests="15" name="E-Commarce" time="27.588" errors="0" timestamp="2026-06-18T04:11:05 EEST">
  <testcase classname="app.ECommarce" name="testCase_1" time="1.156"/>
  <testcase classname="app.ECommarce" name="testCase_2" time="1.012"/>
  <testcase classname="app.ECommarce" name="testCase_3" time="1.038"/>
  <testcase classname="app.ECommarce" name="testCase_4" time="0.487"/>
  <testcase classname="app.ECommarce" name="testCase_5" time="0.475"/>
  <testcase classname="app.ECommarce" name="testCase_6" time="0.638"/>
  <testcase classname="app.ECommarce" name="testCase_7" time="1.443"/>
  <testcase classname="app.ECommarce" name="testCase_8" time="0.946"/>
  <testcase classname="app.ECommarce" name="testCase_9" time="0.95"/>
  <testcase classname="app.ECommarce" name="testCase_10" time="1.183"/>
  <testcase classname="app.ECommarce" name="testCase_10" time="1.16"/>
  <testcase classname="app.ECommarce" name="testCase_10" time="1.696"/>
  <testcase classname="app.ECommarce" name="testCase_11" time="1.339"/>
  <testcase classname="app.ECommarce" name="testCase_12" time="1.994"/>
  <testcase classname="app.ECommarce" name="testCase_13" time="0.78"/>
</testsuite> <!-- E-Commarce -->
