<?xml version="1.0" encoding="UTF-8"?>
<!-- Generated by org.testng.reporters.JUnitReportReporter -->
<testsuite hostname="Mohanad" failures="0" tests="15" name="app.ECommarce" time="27.450" errors="0" timestamp="2026-06-18T04:11:05 EEST" skipped="0">
  <testcase classname="app.ECommarce" name="testCase_10" time="1.730"/>
  <testcase classname="app.ECommarce" name="testCase_13" time="1.321">
    <system-out>
      <![CDATA[id = 103
user_id = 24
product_id = 20
quantity = 1
created_at = 2026-06-18 04:11:05
updated_at = 2026-06-18 04:11:05
]]>
    </system-out>
  </testcase> <!-- testCase_13 -->
  <testcase classname="app.ECommarce" name="testCase_10" time="2.240"/>
  <testcase classname="app.ECommarce" name="testCase_12" time="2.570"/>
  <testcase classname="app.ECommarce" name="testCase_3" time="1.563"/>
  <testcase classname="app.ECommarce" name="testCase_11" time="1.919"/>
  <testcase classname="app.ECommarce" name="testCase_6" time="1.172"/>
  <testcase classname="app.ECommarce" name="testCase_8" time="1.517"/>
  <testcase classname="app.ECommarce" name="testCase_2" time="4.308"/>
  <testcase classname="app.ECommarce" name="testCase_1" time="1.737"/>
  <testcase classname="app.ECommarce" name="testCase_4" time="1.058"/>
  <testcase classname="app.ECommarce" name="testCase_7" time="1.972"/>
  <testcase classname="app.ECommarce" name="testCase_9" time="1.562"/>
  <testcase classname="app.ECommarce" name="testCase_5" time="1.010"/>
  <testcase classname="app.ECommarce" name="testCase_10" time="1.771"/>
  <system-out>
    <![CDATA[id = 103
user_id = 24
product_id = 20
quantity = 1
created_at = 2026-06-18 04:11:05
updated_at = 2026-06-18 04:11:05
]]>
  </system-out>
</testsuite> <!-- app.ECommarce -->
